<?xml version="1.0" encoding="UTF-8"?>
<!-- Generated by org.testng.reporters.JUnitXMLReporter -->
<testsuite ignored="0" hostname="YOGESH" failures="0" tests="5" name="test2" time="0.033" errors="0" timestamp="2022-06-24T13:41:19 IST">
  <testcase classname="com.testNG.DataProviderEx1" name="testPrimeNumberChecker" time="0.002"/>
  <testcase classname="com.testNG.DataProviderEx1" name="testPrimeNumberChecker" time="0.003"/>
  <testcase classname="com.testNG.DataProviderEx1" name="testPrimeNumberChecker" time="0.002"/>
  <testcase classname="com.testNG.DataProviderEx1" name="testPrimeNumberChecker" time="0.003"/>
  <testcase classname="com.testNG.DataProviderEx1" name="testPrimeNumberChecker" time="0.002"/>
</testsuite> <!-- test2 -->
