<?xml version="1.0" encoding="UTF-8"?>
<!-- Generated by org.testng.reporters.JUnitXMLReporter -->
<testsuite ignored="0" hostname="YOGESH" failures="0" tests="8" name="test1" time="0.182" errors="0" timestamp="2022-06-24T13:41:19 IST">
  <testcase classname="com.testNG.DependencyTest" name="initEnvironmentTest" time="0.009"/>
  <testcase classname="com.testNG.DependencyTest" name="testSalutationMessage" time="0.002"/>
  <testcase classname="com.testNG.DependencyTest" name="testPrintMessage" time="0.003"/>
  <testcase classname="com.testNG.DataProviderEx1" name="testPrimeNumberChecker" time="0.007"/>
  <testcase classname="com.testNG.DataProviderEx1" name="testPrimeNumberChecker" time="0.003"/>
  <testcase classname="com.testNG.DataProviderEx1" name="testPrimeNumberChecker" time="0.006"/>
  <testcase classname="com.testNG.DataProviderEx1" name="testPrimeNumberChecker" time="0.002"/>
  <testcase classname="com.testNG.DataProviderEx1" name="testPrimeNumberChecker" time="0.008"/>
</testsuite> <!-- test1 -->
