<?xml version="1.0" encoding="UTF-8"?>
<testng-results ignored="0" total="13" passed="13" failed="0" skipped="0">
  <reporter-output>
  </reporter-output>
  <suite started-at="2022-06-24T13:41:19 IST" name="Suite1" finished-at="2022-06-24T13:41:19 IST" duration-ms="530">
    <groups>
    </groups>
    <test started-at="2022-06-24T13:41:19 IST" name="test1" finished-at="2022-06-24T13:41:19 IST" duration-ms="182">
      <class name="com.testNG.DataProviderEx1">
        <test-method is-config="true" signature="initialize()[pri:0, instance:com.testNG.DataProviderEx1@4f18837a]" started-at="2022-06-24T13:41:19 IST" name="initialize" finished-at="2022-06-24T13:41:19 IST" duration-ms="3" status="PASS">
          <reporter-output>
          </reporter-output>
        </test-method> <!-- initialize -->
        <test-method signature="testPrimeNumberChecker(java.lang.Integer,java.lang.Boolean)[pri:0, instance:com.testNG.DataProviderEx1@4f18837a]" started-at="2022-06-24T13:41:19 IST" name="testPrimeNumberChecker" data-provider="test1" finished-at="2022-06-24T13:41:19 IST" duration-ms="7" status="PASS">
          <params>
            <param index="0">
              <value>
                <![CDATA[2]]>
              </value>
            </param>
            <param index="1">
              <value>
                <![CDATA[true]]>
              </value>
            </param>
          </params>
          <reporter-output>
          </reporter-output>
        </test-method> <!-- testPrimeNumberChecker -->
        <test-method is-config="true" signature="initialize()[pri:0, instance:com.testNG.DataProviderEx1@4f18837a]" started-at="2022-06-24T13:41:19 IST" name="initialize" finished-at="2022-06-24T13:41:19 IST" duration-ms="1" status="PASS">
          <reporter-output>
          </reporter-output>
        </test-method> <!-- initialize -->
        <test-method signature="testPrimeNumberChecker(java.lang.Integer,java.lang.Boolean)[pri:0, instance:com.testNG.DataProviderEx1@4f18837a]" started-at="2022-06-24T13:41:19 IST" name="testPrimeNumberChecker" data-provider="test1" finished-at="2022-06-24T13:41:19 IST" duration-ms="3" status="PASS">
          <params>
            <param index="0">
              <value>
                <![CDATA[6]]>
              </value>
            </param>
            <param index="1">
              <value>
                <![CDATA[false]]>
              </value>
            </param>
          </params>
          <reporter-output>
          </reporter-output>
        </test-method> <!-- testPrimeNumberChecker -->
        <test-method is-config="true" signature="initialize()[pri:0, instance:com.testNG.DataProviderEx1@4f18837a]" started-at="2022-06-24T13:41:19 IST" name="initialize" finished-at="2022-06-24T13:41:19 IST" duration-ms="1" status="PASS">
          <reporter-output>
          </reporter-output>
        </test-method> <!-- initialize -->
        <test-method signature="testPrimeNumberChecker(java.lang.Integer,java.lang.Boolean)[pri:0, instance:com.testNG.DataProviderEx1@4f18837a]" started-at="2022-06-24T13:41:19 IST" name="testPrimeNumberChecker" data-provider="test1" finished-at="2022-06-24T13:41:19 IST" duration-ms="6" status="PASS">
          <params>
            <param index="0">
              <value>
                <![CDATA[19]]>
              </value>
            </param>
            <param index="1">
              <value>
                <![CDATA[true]]>
              </value>
            </param>
          </params>
          <reporter-output>
          </reporter-output>
        </test-method> <!-- testPrimeNumberChecker -->
        <test-method is-config="true" signature="initialize()[pri:0, instance:com.testNG.DataProviderEx1@4f18837a]" started-at="2022-06-24T13:41:19 IST" name="initialize" finished-at="2022-06-24T13:41:19 IST" duration-ms="6" status="PASS">
          <reporter-output>
          </reporter-output>
        </test-method> <!-- initialize -->
        <test-method signature="testPrimeNumberChecker(java.lang.Integer,java.lang.Boolean)[pri:0, instance:com.testNG.DataProviderEx1@4f18837a]" started-at="2022-06-24T13:41:19 IST" name="testPrimeNumberChecker" data-provider="test1" finished-at="2022-06-24T13:41:19 IST" duration-ms="2" status="PASS">
          <params>
            <param index="0">
              <value>
                <![CDATA[22]]>
              </value>
            </param>
            <param index="1">
              <value>
                <![CDATA[false]]>
              </value>
            </param>
          </params>
          <reporter-output>
          </reporter-output>
        </test-method> <!-- testPrimeNumberChecker -->
        <test-method is-config="true" signature="initialize()[pri:0, instance:com.testNG.DataProviderEx1@4f18837a]" started-at="2022-06-24T13:41:19 IST" name="initialize" finished-at="2022-06-24T13:41:19 IST" duration-ms="1" status="PASS">
          <reporter-output>
          </reporter-output>
        </test-method> <!-- initialize -->
        <test-method signature="testPrimeNumberChecker(java.lang.Integer,java.lang.Boolean)[pri:0, instance:com.testNG.DataProviderEx1@4f18837a]" started-at="2022-06-24T13:41:19 IST" name="testPrimeNumberChecker" data-provider="test1" finished-at="2022-06-24T13:41:19 IST" duration-ms="8" status="PASS">
          <params>
            <param index="0">
              <value>
                <![CDATA[23]]>
              </value>
            </param>
            <param index="1">
              <value>
                <![CDATA[true]]>
              </value>
            </param>
          </params>
          <reporter-output>
          </reporter-output>
        </test-method> <!-- testPrimeNumberChecker -->
      </class> <!-- com.testNG.DataProviderEx1 -->
      <class name="com.testNG.DependencyTest">
        <test-method is-config="true" signature="parmeterTest(java.lang.String)[pri:0, instance:com.testNG.DependencyTest@661972b0]" started-at="2022-06-24T13:41:19 IST" name="parmeterTest" finished-at="2022-06-24T13:41:19 IST" duration-ms="21" status="PASS">
          <params>
            <param index="0">
              <value>
                <![CDATA[Kameshwari]]>
              </value>
            </param>
          </params>
          <reporter-output>
          </reporter-output>
        </test-method> <!-- parmeterTest -->
        <test-method signature="initEnvironmentTest()[pri:0, instance:com.testNG.DependencyTest@661972b0]" started-at="2022-06-24T13:41:19 IST" name="initEnvironmentTest" finished-at="2022-06-24T13:41:19 IST" duration-ms="9" status="PASS">
          <reporter-output>
          </reporter-output>
        </test-method> <!-- initEnvironmentTest -->
        <test-method signature="testSalutationMessage()[pri:0, instance:com.testNG.DependencyTest@661972b0]" started-at="2022-06-24T13:41:19 IST" name="testSalutationMessage" finished-at="2022-06-24T13:41:19 IST" depends-on-methods="com.testNG.DependencyTest.initEnvironmentTest" duration-ms="2" status="PASS">
          <reporter-output>
          </reporter-output>
        </test-method> <!-- testSalutationMessage -->
        <test-method signature="testPrintMessage()[pri:0, instance:com.testNG.DependencyTest@661972b0]" started-at="2022-06-24T13:41:19 IST" name="testPrintMessage" finished-at="2022-06-24T13:41:19 IST" depends-on-methods="com.testNG.DependencyTest.testSalutationMessage" duration-ms="3" status="PASS">
          <reporter-output>
          </reporter-output>
        </test-method> <!-- testPrintMessage -->
      </class> <!-- com.testNG.DependencyTest -->
    </test> <!-- test1 -->
    <test started-at="2022-06-24T13:41:19 IST" name="test2" finished-at="2022-06-24T13:41:19 IST" duration-ms="33">
      <class name="com.testNG.DataProviderEx1">
        <test-method is-config="true" signature="initialize()[pri:0, instance:com.testNG.DataProviderEx1@c8c12ac]" started-at="2022-06-24T13:41:19 IST" name="initialize" finished-at="2022-06-24T13:41:19 IST" duration-ms="1" status="PASS">
          <reporter-output>
          </reporter-output>
        </test-method> <!-- initialize -->
        <test-method signature="testPrimeNumberChecker(java.lang.Integer,java.lang.Boolean)[pri:0, instance:com.testNG.DataProviderEx1@c8c12ac]" started-at="2022-06-24T13:41:19 IST" name="testPrimeNumberChecker" data-provider="test1" finished-at="2022-06-24T13:41:19 IST" duration-ms="2" status="PASS">
          <params>
            <param index="0">
              <value>
                <![CDATA[2]]>
              </value>
            </param>
            <param index="1">
              <value>
                <![CDATA[true]]>
              </value>
            </param>
          </params>
          <reporter-output>
          </reporter-output>
        </test-method> <!-- testPrimeNumberChecker -->
        <test-method is-config="true" signature="initialize()[pri:0, instance:com.testNG.DataProviderEx1@c8c12ac]" started-at="2022-06-24T13:41:19 IST" name="initialize" finished-at="2022-06-24T13:41:19 IST" duration-ms="1" status="PASS">
          <reporter-output>
          </reporter-output>
        </test-method> <!-- initialize -->
        <test-method signature="testPrimeNumberChecker(java.lang.Integer,java.lang.Boolean)[pri:0, instance:com.testNG.DataProviderEx1@c8c12ac]" started-at="2022-06-24T13:41:19 IST" name="testPrimeNumberChecker" data-provider="test1" finished-at="2022-06-24T13:41:19 IST" duration-ms="3" status="PASS">
          <params>
            <param index="0">
              <value>
                <![CDATA[6]]>
              </value>
            </param>
            <param index="1">
              <value>
                <![CDATA[false]]>
              </value>
            </param>
          </params>
          <reporter-output>
          </reporter-output>
        </test-method> <!-- testPrimeNumberChecker -->
        <test-method is-config="true" signature="initialize()[pri:0, instance:com.testNG.DataProviderEx1@c8c12ac]" started-at="2022-06-24T13:41:19 IST" name="initialize" finished-at="2022-06-24T13:41:19 IST" duration-ms="0" status="PASS">
          <reporter-output>
          </reporter-output>
        </test-method> <!-- initialize -->
        <test-method signature="testPrimeNumberChecker(java.lang.Integer,java.lang.Boolean)[pri:0, instance:com.testNG.DataProviderEx1@c8c12ac]" started-at="2022-06-24T13:41:19 IST" name="testPrimeNumberChecker" data-provider="test1" finished-at="2022-06-24T13:41:19 IST" duration-ms="2" status="PASS">
          <params>
            <param index="0">
              <value>
                <![CDATA[19]]>
              </value>
            </param>
            <param index="1">
              <value>
                <![CDATA[true]]>
              </value>
            </param>
          </params>
          <reporter-output>
          </reporter-output>
        </test-method> <!-- testPrimeNumberChecker -->
        <test-method is-config="true" signature="initialize()[pri:0, instance:com.testNG.DataProviderEx1@c8c12ac]" started-at="2022-06-24T13:41:19 IST" name="initialize" finished-at="2022-06-24T13:41:19 IST" duration-ms="0" status="PASS">
          <reporter-output>
          </reporter-output>
        </test-method> <!-- initialize -->
        <test-method signature="testPrimeNumberChecker(java.lang.Integer,java.lang.Boolean)[pri:0, instance:com.testNG.DataProviderEx1@c8c12ac]" started-at="2022-06-24T13:41:19 IST" name="testPrimeNumberChecker" data-provider="test1" finished-at="2022-06-24T13:41:19 IST" duration-ms="3" status="PASS">
          <params>
            <param index="0">
              <value>
                <![CDATA[22]]>
              </value>
            </param>
            <param index="1">
              <value>
                <![CDATA[false]]>
              </value>
            </param>
          </params>
          <reporter-output>
          </reporter-output>
        </test-method> <!-- testPrimeNumberChecker -->
        <test-method is-config="true" signature="initialize()[pri:0, instance:com.testNG.DataProviderEx1@c8c12ac]" started-at="2022-06-24T13:41:19 IST" name="initialize" finished-at="2022-06-24T13:41:19 IST" duration-ms="0" status="PASS">
          <reporter-output>
          </reporter-output>
        </test-method> <!-- initialize -->
        <test-method signature="testPrimeNumberChecker(java.lang.Integer,java.lang.Boolean)[pri:0, instance:com.testNG.DataProviderEx1@c8c12ac]" started-at="2022-06-24T13:41:19 IST" name="testPrimeNumberChecker" data-provider="test1" finished-at="2022-06-24T13:41:19 IST" duration-ms="2" status="PASS">
          <params>
            <param index="0">
              <value>
                <![CDATA[23]]>
              </value>
            </param>
            <param index="1">
              <value>
                <![CDATA[true]]>
              </value>
            </param>
          </params>
          <reporter-output>
          </reporter-output>
        </test-method> <!-- testPrimeNumberChecker -->
      </class> <!-- com.testNG.DataProviderEx1 -->
    </test> <!-- test2 -->
  </suite> <!-- Suite1 -->
</testng-results>
